<?xml version="1.0" encoding="UTF-8"?>
<testsuite xmlns:xsi="http://www.w3.org/2001/XMLSchema-instance" xsi:noNamespaceSchemaLocation="https://maven.apache.org/surefire/maven-surefire-plugin/xsd/surefire-test-report-3.0.xsd" version="3.0" name="com.assignments.service.PostServiceTest" time="1.408" tests="4" errors="0" skipped="0" failures="0">
  <properties>
[...]
</properties>
  <testcase name="givenAdd_whenDelete_thenSuccess" classname="com.assignments.service.PostServiceTest" time="0.179">
    <system-out><![CDATA[2025-03-22T20:43:34.229+09:00  INFO 23820 --- [           main] t.c.s.AnnotationConfigContextLoaderUtils : Could not detect default configuration classes for test class [com.assignments.service.PostServiceTest]: PostServiceTest does not declare any static, non-private, non-final, nested classes annotated with @Configuration.
2025-03-22T20:43:34.243+09:00  INFO 23820 --- [           main] .b.t.c.SpringBootTestContextBootstrapper : Found @SpringBootConfiguration com.assignments.Main for test class com.assignments.service.PostServiceTest

  .   ____          _            __ _ _
 /\\ / ___'_ __ _ _(_)_ __  __ _ \ \ \ \
( ( )\___ | '_ | '_| | '_ \/ _` | \ \ \ \
 \\/  ___)| |_)| | | | | || (_| |  ) ) ) )
  '  |____| .__|_| |_|_| |_\__, | / / / /
 =========|_|==============|___/=/_/_/_/

 :: Spring Boot ::                (v3.3.5)

2025-03-22T20:43:34.284+09:00  INFO 23820 --- [           main] c.assignments.service.PostServiceTest    : Starting PostServiceTest using Java 17.0.10 with PID 23820 (started by USER in C:\coding\003\back)
2025-03-22T20:43:34.285+09:00  INFO 23820 --- [           main] c.assignments.service.PostServiceTest    : The following 1 profile is active: "test"
2025-03-22T20:43:34.536+09:00  INFO 23820 --- [           main] .s.d.r.c.RepositoryConfigurationDelegate : Bootstrapping Spring Data JPA repositories in DEFAULT mode.
2025-03-22T20:43:34.568+09:00  INFO 23820 --- [           main] .s.d.r.c.RepositoryConfigurationDelegate : Finished Spring Data repository scanning in 27 ms. Found 2 JPA repository interfaces.
2025-03-22T20:43:34.679+09:00  INFO 23820 --- [           main] o.hibernate.jpa.internal.util.LogHelper  : HHH000204: Processing PersistenceUnitInfo [name: default]
2025-03-22T20:43:34.679+09:00  INFO 23820 --- [           main] o.h.c.internal.RegionFactoryInitiator    : HHH000026: Second-level cache disabled
2025-03-22T20:43:34.694+09:00  INFO 23820 --- [           main] o.s.o.j.p.SpringPersistenceUnitInfo      : No LoadTimeWeaver setup: ignoring JPA class transformer
2025-03-22T20:43:34.694+09:00  INFO 23820 --- [           main] com.zaxxer.hikari.HikariDataSource       : HikariPool-2 - Starting...
2025-03-22T20:43:34.694+09:00  INFO 23820 --- [           main] com.zaxxer.hikari.pool.HikariPool        : HikariPool-2 - Added connection conn10: url=jdbc:h2:mem:testdb user=SA
2025-03-22T20:43:34.694+09:00  INFO 23820 --- [           main] com.zaxxer.hikari.HikariDataSource       : HikariPool-2 - Start completed.
2025-03-22T20:43:34.694+09:00  WARN 23820 --- [           main] org.hibernate.orm.deprecation            : HHH90000025: H2Dialect does not need to be specified explicitly using 'hibernate.dialect' (remove the property setting and it will be selected by default)
2025-03-22T20:43:34.772+09:00  INFO 23820 --- [           main] o.h.e.t.j.p.i.JtaPlatformInitiator       : HHH000489: No JTA platform available (set 'hibernate.transaction.jta.platform' to enable JTA platform integration)
Hibernate: drop table if exists tb_post cascade 
Hibernate: drop table if exists tb_user cascade 
Hibernate: create table tb_post (created_at timestamp(6) not null, deleted_at timestamp(6), id bigint generated by default as identity, updated_at timestamp(6), user_id bigint not null, title varchar(255) not null, content clob not null, primary key (id))
Hibernate: create table tb_user (age integer, created_at timestamp(6) not null, deleted_at timestamp(6), id bigint generated by default as identity, updated_at timestamp(6), gender varchar(255), name varchar(255) not null, password varchar(255) not null, phone varchar(255), username varchar(255) not null, primary key (id))
Hibernate: alter table if exists tb_post add constraint FKhx7a7k3pf66vpddqg5pr12anw foreign key (user_id) references tb_user
2025-03-22T20:43:34.788+09:00  INFO 23820 --- [           main] j.LocalContainerEntityManagerFactoryBean : Initialized JPA EntityManagerFactory for persistence unit 'default'
2025-03-22T20:43:34.866+09:00  WARN 23820 --- [           main] JpaBaseConfiguration$JpaWebConfiguration : spring.jpa.open-in-view is enabled by default. Therefore, database queries may be performed during view rendering. Explicitly configure spring.jpa.open-in-view to disable this warning
2025-03-22T20:43:34.866+09:00  INFO 23820 --- [           main] r$InitializeUserDetailsManagerConfigurer : Global AuthenticationManager configured with UserDetailsService bean with name userService
2025-03-22T20:43:34.992+09:00  INFO 23820 --- [           main] o.s.b.a.h2.H2ConsoleAutoConfiguration    : H2 console available at '/h2-console'. Database available at 'jdbc:h2:mem:testdb'
2025-03-22T20:43:35.018+09:00  INFO 23820 --- [           main] c.assignments.service.PostServiceTest    : Started PostServiceTest in 0.775 seconds (process running for 14.355)
Hibernate: select u1_0.id,u1_0.age,u1_0.created_at,u1_0.deleted_at,u1_0.gender,u1_0.name,u1_0.password,u1_0.phone,u1_0.updated_at,u1_0.username,p1_0.user_id,p1_0.id,p1_0.content,p1_0.created_at,p1_0.deleted_at,p1_0.title,p1_0.updated_at from tb_user u1_0 left join tb_post p1_0 on u1_0.id=p1_0.user_id where u1_0.id=?
Hibernate: insert into tb_user (age,created_at,deleted_at,gender,name,password,phone,updated_at,username,id) values (?,?,?,?,?,?,?,?,?,default)
Hibernate: select u1_0.id,u1_0.age,u1_0.created_at,u1_0.deleted_at,u1_0.gender,u1_0.name,u1_0.password,u1_0.phone,u1_0.updated_at,u1_0.username,p1_0.user_id,p1_0.id,p1_0.content,p1_0.created_at,p1_0.deleted_at,p1_0.title,p1_0.updated_at from tb_user u1_0 left join tb_post p1_0 on u1_0.id=p1_0.user_id where u1_0.id=?
Hibernate: insert into tb_user (age,created_at,deleted_at,gender,name,password,phone,updated_at,username,id) values (?,?,?,?,?,?,?,?,?,default)
Hibernate: select u1_0.id,u1_0.age,u1_0.created_at,u1_0.deleted_at,u1_0.gender,u1_0.name,u1_0.password,u1_0.phone,u1_0.updated_at,u1_0.username from tb_user u1_0 where u1_0.username=? and u1_0.deleted_at is null
Hibernate: select p1_0.id,p1_0.content,p1_0.created_at,p1_0.deleted_at,p1_0.title,p1_0.updated_at,p1_0.user_id from tb_post p1_0 where p1_0.id=?
Hibernate: insert into tb_post (content,created_at,deleted_at,title,updated_at,user_id,id) values (?,?,?,?,?,?,default)
Hibernate: select p1_0.id,p1_0.content,p1_0.created_at,p1_0.deleted_at,p1_0.title,p1_0.updated_at,p1_0.user_id from tb_post p1_0 where p1_0.id=? and p1_0.deleted_at is null
Hibernate: update tb_post set content=?,created_at=?,deleted_at=?,title=?,updated_at=?,user_id=? where id=?
Hibernate: select p1_0.id,p1_0.content,p1_0.created_at,p1_0.deleted_at,p1_0.title,p1_0.updated_at,p1_0.user_id from tb_post p1_0 where p1_0.id=? and p1_0.deleted_at is null
]]></system-out>
  </testcase>
  <testcase name="givenAdd_whenDelete_thenFailure" classname="com.assignments.service.PostServiceTest" time="0.14">
    <system-out><![CDATA[Hibernate: select u1_0.id,u1_0.age,u1_0.created_at,u1_0.deleted_at,u1_0.gender,u1_0.name,u1_0.password,u1_0.phone,u1_0.updated_at,u1_0.username,p1_0.user_id,p1_0.id,p1_0.content,p1_0.created_at,p1_0.deleted_at,p1_0.title,p1_0.updated_at from tb_user u1_0 left join tb_post p1_0 on u1_0.id=p1_0.user_id where u1_0.id=?
Hibernate: insert into tb_user (age,created_at,deleted_at,gender,name,password,phone,updated_at,username,id) values (?,?,?,?,?,?,?,?,?,default)
Hibernate: select u1_0.id,u1_0.age,u1_0.created_at,u1_0.deleted_at,u1_0.gender,u1_0.name,u1_0.password,u1_0.phone,u1_0.updated_at,u1_0.username,p1_0.user_id,p1_0.id,p1_0.content,p1_0.created_at,p1_0.deleted_at,p1_0.title,p1_0.updated_at from tb_user u1_0 left join tb_post p1_0 on u1_0.id=p1_0.user_id where u1_0.id=?
Hibernate: insert into tb_user (age,created_at,deleted_at,gender,name,password,phone,updated_at,username,id) values (?,?,?,?,?,?,?,?,?,default)
Hibernate: select u1_0.id,u1_0.age,u1_0.created_at,u1_0.deleted_at,u1_0.gender,u1_0.name,u1_0.password,u1_0.phone,u1_0.updated_at,u1_0.username from tb_user u1_0 where u1_0.username=? and u1_0.deleted_at is null
Hibernate: select p1_0.id,p1_0.content,p1_0.created_at,p1_0.deleted_at,p1_0.title,p1_0.updated_at,p1_0.user_id from tb_post p1_0 where p1_0.id=?
Hibernate: insert into tb_post (content,created_at,deleted_at,title,updated_at,user_id,id) values (?,?,?,?,?,?,default)
Hibernate: select p1_0.id,p1_0.content,p1_0.created_at,p1_0.deleted_at,p1_0.title,p1_0.updated_at,p1_0.user_id from tb_post p1_0 where p1_0.id=? and p1_0.deleted_at is null
Hibernate: select p1_0.id,p1_0.content,p1_0.created_at,p1_0.deleted_at,p1_0.title,p1_0.updated_at,p1_0.user_id from tb_post p1_0 where p1_0.id=? and p1_0.deleted_at is null
]]></system-out>
  </testcase>
  <testcase name="givenAdd_whenPut_thenSuccess" classname="com.assignments.service.PostServiceTest" time="0.126">
    <system-out><![CDATA[Hibernate: select u1_0.id,u1_0.age,u1_0.created_at,u1_0.deleted_at,u1_0.gender,u1_0.name,u1_0.password,u1_0.phone,u1_0.updated_at,u1_0.username,p1_0.user_id,p1_0.id,p1_0.content,p1_0.created_at,p1_0.deleted_at,p1_0.title,p1_0.updated_at from tb_user u1_0 left join tb_post p1_0 on u1_0.id=p1_0.user_id where u1_0.id=?
Hibernate: insert into tb_user (age,created_at,deleted_at,gender,name,password,phone,updated_at,username,id) values (?,?,?,?,?,?,?,?,?,default)
Hibernate: select u1_0.id,u1_0.age,u1_0.created_at,u1_0.deleted_at,u1_0.gender,u1_0.name,u1_0.password,u1_0.phone,u1_0.updated_at,u1_0.username,p1_0.user_id,p1_0.id,p1_0.content,p1_0.created_at,p1_0.deleted_at,p1_0.title,p1_0.updated_at from tb_user u1_0 left join tb_post p1_0 on u1_0.id=p1_0.user_id where u1_0.id=?
Hibernate: insert into tb_user (age,created_at,deleted_at,gender,name,password,phone,updated_at,username,id) values (?,?,?,?,?,?,?,?,?,default)
Hibernate: select u1_0.id,u1_0.age,u1_0.created_at,u1_0.deleted_at,u1_0.gender,u1_0.name,u1_0.password,u1_0.phone,u1_0.updated_at,u1_0.username from tb_user u1_0 where u1_0.username=? and u1_0.deleted_at is null
Hibernate: select p1_0.id,p1_0.content,p1_0.created_at,p1_0.deleted_at,p1_0.title,p1_0.updated_at,p1_0.user_id from tb_post p1_0 where p1_0.id=?
Hibernate: insert into tb_post (content,created_at,deleted_at,title,updated_at,user_id,id) values (?,?,?,?,?,?,default)
Hibernate: select p1_0.id,p1_0.content,p1_0.created_at,p1_0.deleted_at,p1_0.title,p1_0.updated_at,p1_0.user_id from tb_post p1_0 where p1_0.id=? and p1_0.deleted_at is null
Hibernate: update tb_post set content=?,created_at=?,deleted_at=?,title=?,updated_at=?,user_id=? where id=?
Hibernate: select p1_0.id,p1_0.content,p1_0.created_at,p1_0.deleted_at,p1_0.title,p1_0.updated_at,p1_0.user_id from tb_post p1_0 where p1_0.id=? and p1_0.deleted_at is null
]]></system-out>
  </testcase>
  <testcase name="givenAdd_whenPut_thenFailure" classname="com.assignments.service.PostServiceTest" time="0.174">
    <system-out><![CDATA[Hibernate: select u1_0.id,u1_0.age,u1_0.created_at,u1_0.deleted_at,u1_0.gender,u1_0.name,u1_0.password,u1_0.phone,u1_0.updated_at,u1_0.username,p1_0.user_id,p1_0.id,p1_0.content,p1_0.created_at,p1_0.deleted_at,p1_0.title,p1_0.updated_at from tb_user u1_0 left join tb_post p1_0 on u1_0.id=p1_0.user_id where u1_0.id=?
Hibernate: insert into tb_user (age,created_at,deleted_at,gender,name,password,phone,updated_at,username,id) values (?,?,?,?,?,?,?,?,?,default)
Hibernate: select u1_0.id,u1_0.age,u1_0.created_at,u1_0.deleted_at,u1_0.gender,u1_0.name,u1_0.password,u1_0.phone,u1_0.updated_at,u1_0.username,p1_0.user_id,p1_0.id,p1_0.content,p1_0.created_at,p1_0.deleted_at,p1_0.title,p1_0.updated_at from tb_user u1_0 left join tb_post p1_0 on u1_0.id=p1_0.user_id where u1_0.id=?
Hibernate: insert into tb_user (age,created_at,deleted_at,gender,name,password,phone,updated_at,username,id) values (?,?,?,?,?,?,?,?,?,default)
Hibernate: select u1_0.id,u1_0.age,u1_0.created_at,u1_0.deleted_at,u1_0.gender,u1_0.name,u1_0.password,u1_0.phone,u1_0.updated_at,u1_0.username from tb_user u1_0 where u1_0.username=? and u1_0.deleted_at is null
Hibernate: select p1_0.id,p1_0.content,p1_0.created_at,p1_0.deleted_at,p1_0.title,p1_0.updated_at,p1_0.user_id from tb_post p1_0 where p1_0.id=?
Hibernate: insert into tb_post (content,created_at,deleted_at,title,updated_at,user_id,id) values (?,?,?,?,?,?,default)
Hibernate: select p1_0.id,p1_0.content,p1_0.created_at,p1_0.deleted_at,p1_0.title,p1_0.updated_at,p1_0.user_id from tb_post p1_0 where p1_0.id=? and p1_0.deleted_at is null
Hibernate: select p1_0.id,p1_0.content,p1_0.created_at,p1_0.deleted_at,p1_0.title,p1_0.updated_at,p1_0.user_id from tb_post p1_0 where p1_0.id=? and p1_0.deleted_at is null
]]></system-out>
  </testcase>
</testsuite>